<?xml version="1.0"?>
<testsuites>
  <testsuite name="Firefox 17.0 (Mac)" package="undefined" timestamp="2013-04-03T02:41:47" id="0" hostname="iit-laptop-28.industrieit.local" tests="1" errors="0" failures="1" time="0.014">
    <properties>
      <property name="browser.fullName" value="Mozilla/5.0 (Macintosh; Intel Mac OS X 10.8; rv:17.0) Gecko/20100101 Firefox/17.0"/>
    </properties>
    <testcase name="should expose query result in scope" time="0.014" classname="Firefox 17.0 (Mac).Testing a controller with resource">
      <failure type="">Error: Unknown provider: exerciseListResourceProvider &lt;- exerciseListResource in /Users/thomasbunting/Documents/projects/cronullaFitness/public/javascripts/angular.min.js (line 29)
rb/m&lt;@/Users/thomasbunting/Documents/projects/cronullaFitness/public/javascripts/angular.min.js:29
c@/Users/thomasbunting/Documents/projects/cronullaFitness/public/javascripts/angular.min.js:26
rb/l.$injector&lt;@/Users/thomasbunting/Documents/projects/cronullaFitness/public/javascripts/angular.min.js:29
c@/Users/thomasbunting/Documents/projects/cronullaFitness/public/javascripts/angular.min.js:26
d@/Users/thomasbunting/Documents/projects/cronullaFitness/public/javascripts/angular.min.js:26
workFn@/Users/thomasbunting/Documents/projects/cronullaFitness/test/lib/angular/angular-mocks.js:1731

angular.mock.inject@/Users/thomasbunting/Documents/projects/cronullaFitness/test/lib/angular/angular-mocks.js:1717
@/Users/thomasbunting/Documents/projects/cronullaFitness/test/unit/controllersSpec.js:16
@/Users/thomasbunting/Documents/projects/cronullaFitness/test/unit/controllersSpec.js:5

</failure>
    </testcase>
    <system-out><![CDATA[
]]></system-out>
    <system-err/>
  </testsuite>
</testsuites>
